C51 COMPILER V9.60.0.0   MAIN                                                              03/16/2022 21:30:50 PAGE 1   


C51 COMPILER V9.60.0.0, COMPILATION OF MODULE MAIN
OBJECT MODULE PLACED IN .\Objects\Main.obj
COMPILER INVOKED BY: C:\Keil_v5\C51\BIN\C51.EXE Main.c OPTIMIZE(8,SPEED) BROWSE DEBUG OBJECTEXTEND PRINT(.\Listings\Main
                    -.lst) TABS(2) OBJECT(.\Objects\Main.obj)

line level    source

   1          #include <at89c5131.h>
   2          #include "lcd.h"        //Header file with LCD interfacing functions
   3          #include "MorseCode.h"  //Header file for Morse Code 
   4          
   5          sbit LED=P1^7;
   6          /*
   7          Port P0.7 is used for the audio signal output
   8          */  
   9          //Main function
  10          void main(void)
  11          {
  12   1        //Call initialization functions
  13   1        // Read input nibble here
  14   1        while(1){
  15   2          lcd_init();
  16   2          if(P1^0==1){
  17   3            morsea();
  18   3            lcd_write_string('A');
  19   3          }
  20   2          else if(P1^1==1){
  21   3            morseb();
  22   3            lcd_write_string('B');
  23   3          }
  24   2          else if(P1^2==1){
  25   3            morsec();
  26   3            lcd_write_string('C');
  27   3          }
  28   2          else if(P1^3==1){
  29   3            morsed();
  30   3            lcd_write_string('D');
  31   3          }
  32   2          else{
  33   3            morsee();
  34   3            lcd_write_string('E');
  35   3          }
  36   2          msdelay(1000);
  37   2        }
  38   1        // Insert Priority Logic
  39   1        // Inside each condition, call the functions from MorseCode.h. Fill functions in MorseCode.h
  40   1        // Write to LCD using function lcd_write_string() in side the condition as well
  41   1      }


MODULE INFORMATION:   STATIC OVERLAYABLE
   CODE SIZE        =    359    ----
   CONSTANT SIZE    =   ----    ----
   XDATA SIZE       =   ----    ----
   PDATA SIZE       =   ----    ----
   DATA SIZE        =   ----       3
   IDATA SIZE       =   ----    ----
   BIT SIZE         =   ----    ----
END OF MODULE INFORMATION.


C51 COMPILATION COMPLETE.  0 WARNING(S),  0 ERROR(S)
