A51 MACRO ASSEMBLER  Q2                                                                   03/11/2022 16:45:22 PAGE     1


MACRO ASSEMBLER A51 V8.2.7.0
OBJECT MODULE PLACED IN .\Objects\q2.obj
ASSEMBLER INVOKED BY: C:\Keil_v5\C51\BIN\A51.EXE q2.a51 SET(SMALL) DEBUG PRINT(.\Listings\q2.lst) OBJECT(.\Objects\q2.ob
                      j) EP

LOC  OBJ            LINE     SOURCE

                       1     ; This subroutine writes characters on the LCD
  00A0                 2     LCD_data equ P2    ;LCD Data port
  0080                 3     LCD_rs   equ P0.0  ;LCD Register Select
  0081                 4     LCD_rw   equ P0.1  ;LCD Read/Write
  0082                 5     LCD_en   equ P0.2  ;LCD Enable
                       6             
0000                   7     org 0H
0000 802E              8     jmp main
                       9     
0030                  10     org 30H
0030                  11     main:
0030 758911           12             mov TMOD,#11H                                   ;set the timers 0 and 1 in mode 1
0033 759000           13             mov P1,#0H                                              
0036 516B             14             call delay                                              ;initial delay for lcd powe
                             r up
0038 516B             15             call delay
003A 5100             16             call lcd_init                                   ;initialise LCD
003C 516B             17             call delay
003E 516B             18             call delay
0040 7482             19             mov a,#82H                                              ;put cursor on first row, t
                             hird column
0042 513D             20             call lcd_command                                ;send command to LCD
0044 516B             21             call delay
0046 900300           22             mov dptr,#my_string1            
0049 515D             23             call lcd_sendstring                     ;call text strings sending routine
004B                  24             forever:
004B 7A1E             25                     mov r2, #30                                     ;for 750ms
004D                  26                     repeat_1:
004D 118F             27                             call n1_delay_25ms
004F DAFC             28                             djnz r2, repeat_1
0051 7A1E             29                     mov r2, #30                                     ;for 750ms
0053                  30                     repeat_2:
0053 11A3             31                             call n2_delay_25ms              
0055 DAFC             32                             djnz r2, repeat_2
0057 7A1E             33                     mov r2, #30                                     ;for 750ms
0059                  34                     repeat_3:
0059 11B7             35                             call n3_delay_25ms
005B DAFC             36                             djnz r2, repeat_3
005D 7A1E             37                     mov r2, #30                                     ;for 750ms
005F                  38                     repeat_4:
005F 11A3             39                             call n2_delay_25ms
0061 DAFC             40                             djnz r2, repeat_4
0063 7A28             41                     mov r2, #40                                     ;for 1s
0065                  42                     repeat_5:
0065 11CB             43                             call n4_delay_25ms
0067 DAFC             44                             djnz r2, repeat_5
0069 7A14             45                     mov r2, #20                                     ;for 500ms
006B C287             46                     clr P0.7
006D                  47                     repeat_6:
006D 117F             48                             call delay_25ms
006F DAFC             49                             djnz r2, repeat_6
0071 7A28             50                     mov r2, #40                                     ;for 1s
0073                  51                     repeat_7:
0073 11CB             52                             call n4_delay_25ms
0075 DAFC             53                             djnz r2, repeat_7
0077 7A28             54                     mov r2, #40
0079                  55                     repeat_8:
A51 MACRO ASSEMBLER  Q2                                                                   03/11/2022 16:45:22 PAGE     2

0079 11DF             56                             call n5_delay_25ms              ;for 1s
007B DAFC             57                             djnz r2, repeat_8
007D 80CC             58                     jmp forever
                      59     
                      60     
007F                  61     delay_25ms:                             ;timer will take 50k/2MHz = 25,000us = 25ms
007F 758D3C           62             mov TH1, #3CH           ;move the values to TH, TL register 
0082 758BB0           63             mov TL1, #0B0H          ;to set TH,TL = -C350 (hex) - 50000 states
0085 D28E             64             setb TR1                        ;setup timer
0087                  65             loopsie:                        ;polling
0087 208F02           66                     jb TF1, myexit  ;exit if flag bit is 1
008A 80FB             67                     jmp loopsie
008C                  68             myexit:
008C C28F             69                     clr TF1                 ;clear flag bit
008E 22               70                     ret
                      71     
008F                  72     n1_delay_25ms:                  ;timer will take 50k/2MHz = 25,000us = 25ms
008F 758D3C           73             mov TH1, #3CH           ;move the values to TH, TL register 
0092 758BB0           74             mov TL1, #0B0H          ;to set TH,TL = -C350 (hex) - 50000 states
0095 D28E             75             setb TR1                        ;setup timer
0097                  76             loopsie_1:                      ;polling
0097 208F06           77                     jb TF1, myexit_1;exit if flag bit is 1
009A B287             78                     cpl P0.7                ;complement the bit
009C 11F3             79                     call n1_delay   ;wait for T/2
009E 80F7             80                     jmp loopsie_1
00A0                  81             myexit_1:
00A0 C28F             82                     clr TF1                 ;clear flag bit
00A2 22               83                     ret
                      84     
00A3                  85     n2_delay_25ms:                  ;timer will take 50k/2MHz = 25,000us = 25ms
00A3 758D3C           86             mov TH1, #3CH           ;move the values to TH, TL register 
00A6 758BB0           87             mov TL1, #0B0H          ;to set TH,TL = -C350 (hex) - 50000 states
00A9 D28E             88             setb TR1                        ;setup timer
00AB                  89             loopsie_2:                      ;polling
00AB 208F06           90                     jb TF1, myexit_2;exit if flag bit is 1
00AE B287             91                     cpl P0.7                ;complement the bit
00B0 3103             92                     call n2_delay   ;wait for T/2
00B2 80F7             93                     jmp loopsie_2
00B4                  94             myexit_2:
00B4 C28F             95                     clr TF1                 ;clear flag bit
00B6 22               96                     ret
                      97     
00B7                  98     n3_delay_25ms:                  ;timer will take 50k/2MHz = 25,000us = 25ms
00B7 758D3C           99             mov TH1, #3CH           ;move the values to TH, TL register 
00BA 758BB0          100             mov TL1, #0B0H          ;to set TH,TL = -C350 (hex) - 50000 states
00BD D28E            101             setb TR1                        ;setup timer
00BF                 102             loopsie_3:                      ;polling
00BF 208F06          103                     jb TF1, myexit_3;exit if flag bit is 1
00C2 B287            104                     cpl P0.7                ;complement the bit
00C4 3113            105                     call n3_delay   ;wait for T/2
00C6 80F7            106                     jmp loopsie_3
00C8                 107             myexit_3:
00C8 C28F            108                     clr TF1                 ;clear flag bit
00CA 22              109                     ret
                     110     
00CB                 111     n4_delay_25ms:                  ;timer will take 50k/2MHz = 25,000us = 25ms
00CB 758D3C          112             mov TH1, #3CH           ;move the values to TH, TL register 
00CE 758BB0          113             mov TL1, #0B0H          ;to set TH,TL = -C350 (hex) - 50000 states
00D1 D28E            114             setb TR1                        ;setup timer
00D3                 115             loopsie_4:                      ;polling
00D3 208F06          116                     jb TF1, myexit_4;exit if flag bit is 1
00D6 B287            117                     cpl P0.7                ;complement the bit
00D8 3123            118                     call n4_delay   ;wait for T/2
00DA 80F7            119                     jmp loopsie_4
00DC                 120             myexit_4:
00DC C28F            121                     clr TF1                 ;clear flag bit
A51 MACRO ASSEMBLER  Q2                                                                   03/11/2022 16:45:22 PAGE     3

00DE 22              122                     ret
                     123     
00DF                 124     n5_delay_25ms:                  ;timer will take 50k/2MHz = 25,000us = 25ms
00DF 758D3C          125             mov TH1, #3CH           ;move the values to TH, TL register 
00E2 758BB0          126             mov TL1, #0B0H          ;to set TH,TL = -C350 (hex) - 50000 states
00E5 D28E            127             setb TR1                        ;setup timer
00E7                 128             loopsie_5:                      ;polling
00E7 208F06          129                     jb TF1, myexit_5;exit if flag bit is 1
00EA B287            130                     cpl P0.7                ;complement the bit
00EC 3133            131                     call n5_delay   ;wait for T/2
00EE 80F7            132                     jmp loopsie_5
00F0                 133             myexit_5:
00F0 C28F            134                     clr TF1                 ;clear flag bit
00F2 22              135                     ret
                     136     
00F3                 137     n1_delay:                               ;for note 1, 1/(440Hz)
                     138                                                     ;timer will take 4544/2MHz = 2272us
00F3 758CEE          139             mov TH0, #0EEH          ;move the values to TH, TL register 
00F6 758A40          140             mov TL0, #40H           ;to set TH,TL = -11C0 (hex) - 4544 states
00F9 D28C            141             setb TR0                        ;setup timer
00FB                 142             loopsie_n1:             ;polling
00FB 208D02          143                     jb TF0, myexit_n1       ;exit if flag bit is 1
00FE 80FB            144                     jmp loopsie_n1
0100                 145             myexit_n1:
0100 C28D            146                     clr TF0                 ;clear flag bit
0102 22              147                     ret
                     148     
0103                 149     n2_delay:                               ;for note 2, 1/(247*2Hz)
                     150                                                     ;timer will take 4048/2MHz = 2024us
0103 758CF0          151             mov TH0, #0F0H          ;move the values to TH, TL register 
0106 758A30          152             mov TL0, #30H           ;to set TH,TL = -FD0 (hex)
0109 D28C            153             setb TR0                        ;setup timer
010B                 154             loopsie_n2:             ;polling
010B 208D02          155                     jb TF0, myexit_n2       ;exit if flag bit is 1
010E 80FB            156                     jmp loopsie_n2
0110                 157             myexit_n2:
0110 C28D            158                     clr TF0                 ;clear flag bit
0112 22              159                     ret
                     160     
0113                 161     n3_delay:                               ;for note 2, 1/(294*2Hz)
                     162                                                     ;timer will take 3400/2MHz = 1700us
0113 758CF2          163             mov TH0, #0F2H          ;move the values to TH, TL register 
0116 758AB8          164             mov TL0, #0B8H          ;to set TH,TL = -D48 (hex)
0119 D28C            165             setb TR0                        ;setup timer
011B                 166             loopsie_n3:             ;polling
011B 208D02          167                     jb TF0, myexit_n3       ;exit if flag bit is 1
011E 80FB            168                     jmp loopsie_n3
0120                 169             myexit_n3:
0120 C28D            170                     clr TF0                 ;clear flag bit
0122 22              171                     ret
                     172     
0123                 173     n4_delay:                               ;for note 2, 1/(370*2Hz)
                     174                                                     ;timer will take 2702/2MHz = 1351us
0123 758CF5          175             mov TH0, #0F5H          ;move the values to TH, TL register 
0126 758A72          176             mov TL0, #72H           ;to set TH,TL = -A8E (hex)
0129 D28C            177             setb TR0                        ;setup timer
012B                 178             loopsie_n4:             ;polling
012B 208D02          179                     jb TF0, myexit_n4       ;exit if flag bit is 1
012E 80FB            180                     jmp loopsie_n4
0130                 181             myexit_n4:
0130 C28D            182                     clr TF0                 ;clear flag bit
0132 22              183                     ret
                     184     
0133                 185     n5_delay:                               ;for note 2, 1/(370*2Hz)
                     186                                                     ;timer will take 3030/2MHz = 1515us
0133 758CF4          187             mov TH0, #0F4H          ;move the values to TH, TL register 
A51 MACRO ASSEMBLER  Q2                                                                   03/11/2022 16:45:22 PAGE     4

0136 758A2A          188             mov TL0, #2AH           ;to set TH,TL = -BD6(hex)
0139 D28C            189             setb TR0                        ;setup timer
013B                 190             loopsie_n5:             ;polling
013B 208D02          191                     jb TF0, myexit_n5       ;exit if flag bit is 1
013E 80FB            192                     jmp loopsie_n5
0140                 193             myexit_n5:
0140 C28D            194                     clr TF0                 ;clear flag bit
0142 22              195                     ret
                     196     
0200                 197     org 200H
                     198     ;------------------------LCD Initialisation routine----------------------------------------
                             ------------
0200                 199     lcd_init:
0200 75A038          200              mov   LCD_data,#38H  ;Function set: 2 Line, 8-bit, 5x7 dots
0203 C280            201              clr   LCD_rs         ;Selected command register
0205 C281            202              clr   LCD_rw         ;We are writing in instruction register
0207 D282            203              setb  LCD_en         ;Enable H->L
0209 516B            204                      acall delay
020B C282            205              clr   LCD_en
020D 516B            206                  acall delay
                     207     
020F 75A00C          208              mov   LCD_data,#0CH  ;Display on, Curson off
0212 C280            209              clr   LCD_rs         ;Selected instruction register
0214 C281            210              clr   LCD_rw         ;We are writing in instruction register
0216 D282            211              setb  LCD_en         ;Enable H->L
0218 516B            212                      acall delay
021A C282            213              clr   LCD_en
                     214              
021C 516B            215                      acall delay
021E 75A001          216              mov   LCD_data,#01H  ;Clear LCD
0221 C280            217              clr   LCD_rs         ;Selected command register
0223 C281            218              clr   LCD_rw         ;We are writing in instruction register
0225 D282            219              setb  LCD_en         ;Enable H->L
0227 516B            220                      acall delay
0229 C282            221              clr   LCD_en
                     222              
022B 516B            223                      acall delay
                     224     
022D 75A006          225              mov   LCD_data,#06H  ;Entry mode, auto increment with no shift
0230 C280            226              clr   LCD_rs         ;Selected command register
0232 C281            227              clr   LCD_rw         ;We are writing in instruction register
0234 D282            228              setb  LCD_en         ;Enable H->L
0236 516B            229                      acall delay
0238 C282            230              clr   LCD_en
                     231     
023A 516B            232                      acall delay
                     233              
023C 22              234              ret                  ;Return from routine
                     235     ;-----------------------command sending routine-------------------------------------
023D                 236      lcd_command:
023D F5A0            237              mov   LCD_data,A     ;Move the command to LCD port
023F C280            238              clr   LCD_rs         ;Selected command register
0241 C281            239              clr   LCD_rw         ;We are writing in instruction register
0243 D282            240              setb  LCD_en         ;Enable H->L
0245 516B            241                      acall delay
0247 C282            242              clr   LCD_en
0249 516B            243                      acall delay
                     244         
024B 22              245              ret  
                     246     ;-----------------------data sending routine-------------------------------------          
                                       
024C                 247      lcd_senddata:
024C F5A0            248              mov   LCD_data,A     ;Move the command to LCD port
024E D280            249              setb  LCD_rs         ;Selected data register
0250 C281            250              clr   LCD_rw         ;We are writing
0252 D282            251              setb  LCD_en         ;Enable H->L
A51 MACRO ASSEMBLER  Q2                                                                   03/11/2022 16:45:22 PAGE     5

0254 516B            252                      acall delay
0256 C282            253              clr   LCD_en
0258 516B            254              acall delay
025A 516B            255                      acall delay
025C 22              256              ret                  ;Return from busy routine
                     257     
                     258     ;-----------------------text strings sending routine-------------------------------------
025D                 259     lcd_sendstring:
025D C0E0            260             push 0e0h
025F                 261             lcd_sendstring_loop:
025F E4              262                      clr   a                                        ;clear Accumulator for any 
                             previous data
0260 93              263                      movc  a,@a+dptr                        ;load the first character in accumu
                             lator
0261 6005            264                      jz    exit                             ;go to exit if zero
0263 514C            265                      acall lcd_senddata                     ;send first char
0265 A3              266                      inc   dptr                             ;increment data pointer
0266 80F7            267                      sjmp  LCD_sendstring_loop      ;jump back to send the next character
0268 D0E0            268     exit:    pop 0e0h
026A 22              269              ret                                            ;End of routine
                     270     
                     271     ;----------------------delay routine-----------------------------------------------------
026B C000            272     delay:   push 0
026D C001            273              push 1
026F 7801            274              mov r0,#1
0271 79FF            275     loop2:   mov r1,#255
0273 D9FE            276              loop1:  djnz r1, loop1
0275 D8FA            277              djnz r0, loop2
0277 D001            278              pop 1
0279 D000            279              pop 0 
027B 22              280              ret
                     281     ;--------------------------------------------------------
0300                 282     org 300H
0300                 283     my_string1:
0300 524F4C4C        284     DB   "ROLLING TIME", 00H
0304 494E4720                
0308 54494D45                
030C 00                      
                     285     end     
A51 MACRO ASSEMBLER  Q2                                                                   03/11/2022 16:45:22 PAGE     6

SYMBOL TABLE LISTING
------ ----- -------


N A M E              T Y P E  V A L U E   ATTRIBUTES

DELAY . . . . . . .  C ADDR   026BH   A   
DELAY_25MS. . . . .  C ADDR   007FH   A   
EXIT. . . . . . . .  C ADDR   0268H   A   
FOREVER . . . . . .  C ADDR   004BH   A   
LCD_COMMAND . . . .  C ADDR   023DH   A   
LCD_DATA. . . . . .  D ADDR   00A0H   A   
LCD_EN. . . . . . .  B ADDR   0080H.2 A   
LCD_INIT. . . . . .  C ADDR   0200H   A   
LCD_RS. . . . . . .  B ADDR   0080H.0 A   
LCD_RW. . . . . . .  B ADDR   0080H.1 A   
LCD_SENDDATA. . . .  C ADDR   024CH   A   
LCD_SENDSTRING. . .  C ADDR   025DH   A   
LCD_SENDSTRING_LOOP  C ADDR   025FH   A   
LOOP1 . . . . . . .  C ADDR   0273H   A   
LOOP2 . . . . . . .  C ADDR   0271H   A   
LOOPSIE . . . . . .  C ADDR   0087H   A   
LOOPSIE_1 . . . . .  C ADDR   0097H   A   
LOOPSIE_2 . . . . .  C ADDR   00ABH   A   
LOOPSIE_3 . . . . .  C ADDR   00BFH   A   
LOOPSIE_4 . . . . .  C ADDR   00D3H   A   
LOOPSIE_5 . . . . .  C ADDR   00E7H   A   
LOOPSIE_N1. . . . .  C ADDR   00FBH   A   
LOOPSIE_N2. . . . .  C ADDR   010BH   A   
LOOPSIE_N3. . . . .  C ADDR   011BH   A   
LOOPSIE_N4. . . . .  C ADDR   012BH   A   
LOOPSIE_N5. . . . .  C ADDR   013BH   A   
MAIN. . . . . . . .  C ADDR   0030H   A   
MYEXIT. . . . . . .  C ADDR   008CH   A   
MYEXIT_1. . . . . .  C ADDR   00A0H   A   
MYEXIT_2. . . . . .  C ADDR   00B4H   A   
MYEXIT_3. . . . . .  C ADDR   00C8H   A   
MYEXIT_4. . . . . .  C ADDR   00DCH   A   
MYEXIT_5. . . . . .  C ADDR   00F0H   A   
MYEXIT_N1 . . . . .  C ADDR   0100H   A   
MYEXIT_N2 . . . . .  C ADDR   0110H   A   
MYEXIT_N3 . . . . .  C ADDR   0120H   A   
MYEXIT_N4 . . . . .  C ADDR   0130H   A   
MYEXIT_N5 . . . . .  C ADDR   0140H   A   
MY_STRING1. . . . .  C ADDR   0300H   A   
N1_DELAY. . . . . .  C ADDR   00F3H   A   
N1_DELAY_25MS . . .  C ADDR   008FH   A   
N2_DELAY. . . . . .  C ADDR   0103H   A   
N2_DELAY_25MS . . .  C ADDR   00A3H   A   
N3_DELAY. . . . . .  C ADDR   0113H   A   
N3_DELAY_25MS . . .  C ADDR   00B7H   A   
N4_DELAY. . . . . .  C ADDR   0123H   A   
N4_DELAY_25MS . . .  C ADDR   00CBH   A   
N5_DELAY. . . . . .  C ADDR   0133H   A   
N5_DELAY_25MS . . .  C ADDR   00DFH   A   
P0. . . . . . . . .  D ADDR   0080H   A   
P1. . . . . . . . .  D ADDR   0090H   A   
P2. . . . . . . . .  D ADDR   00A0H   A   
REPEAT_1. . . . . .  C ADDR   004DH   A   
REPEAT_2. . . . . .  C ADDR   0053H   A   
REPEAT_3. . . . . .  C ADDR   0059H   A   
REPEAT_4. . . . . .  C ADDR   005FH   A   
REPEAT_5. . . . . .  C ADDR   0065H   A   
REPEAT_6. . . . . .  C ADDR   006DH   A   
REPEAT_7. . . . . .  C ADDR   0073H   A   
REPEAT_8. . . . . .  C ADDR   0079H   A   
A51 MACRO ASSEMBLER  Q2                                                                   03/11/2022 16:45:22 PAGE     7

TF0 . . . . . . . .  B ADDR   0088H.5 A   
TF1 . . . . . . . .  B ADDR   0088H.7 A   
TH0 . . . . . . . .  D ADDR   008CH   A   
TH1 . . . . . . . .  D ADDR   008DH   A   
TL0 . . . . . . . .  D ADDR   008AH   A   
TL1 . . . . . . . .  D ADDR   008BH   A   
TMOD. . . . . . . .  D ADDR   0089H   A   
TR0 . . . . . . . .  B ADDR   0088H.4 A   
TR1 . . . . . . . .  B ADDR   0088H.6 A   


REGISTER BANK(S) USED: 0 


ASSEMBLY COMPLETE.  0 WARNING(S), 0 ERROR(S)
